\BOOKMARK [0][-]{chapter.1}{\376\377\000H\000i\000e\000r\000a\000r\000c\000h\000i\000c\000a\000l\000\040\000I\000n\000d\000e\000x}{}% 1
\BOOKMARK [1][-]{section.1.1}{\376\377\000C\000l\000a\000s\000s\000\040\000H\000i\000e\000r\000a\000r\000c\000h\000y}{chapter.1}% 2
\BOOKMARK [0][-]{chapter.2}{\376\377\000C\000l\000a\000s\000s\000\040\000I\000n\000d\000e\000x}{}% 3
\BOOKMARK [1][-]{section.2.1}{\376\377\000C\000l\000a\000s\000s\000\040\000L\000i\000s\000t}{chapter.2}% 4
\BOOKMARK [0][-]{chapter.3}{\376\377\000C\000l\000a\000s\000s\000\040\000D\000o\000c\000u\000m\000e\000n\000t\000a\000t\000i\000o\000n}{}% 5
\BOOKMARK [1][-]{section.3.1}{\376\377\000h\000y\000p\000e\000r\000v\000i\000s\000o\000r\000.\000d\000o\000c\000k\000e\000r\000\137\000d\000r\000i\000v\000e\000r\000.\000D\000o\000c\000k\000e\000r\000\040\000C\000l\000a\000s\000s\000\040\000R\000e\000f\000e\000r\000e\000n\000c\000e}{chapter.3}% 6
\BOOKMARK [2][-]{subsection.3.1.1}{\376\377\000D\000e\000t\000a\000i\000l\000e\000d\000\040\000D\000e\000s\000c\000r\000i\000p\000t\000i\000o\000n}{section.3.1}% 7
\BOOKMARK [2][-]{subsection.3.1.2}{\376\377\000C\000o\000n\000s\000t\000r\000u\000c\000t\000o\000r\000\040\000\046\000\040\000D\000e\000s\000t\000r\000u\000c\000t\000o\000r\000\040\000D\000o\000c\000u\000m\000e\000n\000t\000a\000t\000i\000o\000n}{section.3.1}% 8
\BOOKMARK [3][-]{subsubsection.3.1.2.1}{\376\377\000\137\000\137\000i\000n\000i\000t\000\137\000\137}{subsection.3.1.2}% 9
\BOOKMARK [2][-]{subsection.3.1.3}{\376\377\000M\000e\000m\000b\000e\000r\000\040\000F\000u\000n\000c\000t\000i\000o\000n\000\040\000D\000o\000c\000u\000m\000e\000n\000t\000a\000t\000i\000o\000n}{section.3.1}% 10
\BOOKMARK [3][-]{subsubsection.3.1.3.1}{\376\377\000d\000e\000p\000l\000o\000y}{subsection.3.1.3}% 11
\BOOKMARK [3][-]{subsubsection.3.1.3.2}{\376\377\000g\000e\000t\000\137\000i\000d}{subsection.3.1.3}% 12
\BOOKMARK [1][-]{section.3.2}{\376\377\000h\000y\000p\000e\000r\000v\000i\000s\000o\000r\000.\000h\000y\000p\000e\000r\000v\000i\000s\000o\000r\000\137\000b\000a\000s\000e\000.\000H\000y\000p\000e\000r\000v\000i\000s\000o\000r\000B\000a\000s\000e\000\040\000C\000l\000a\000s\000s\000\040\000R\000e\000f\000e\000r\000e\000n\000c\000e}{chapter.3}% 13
\BOOKMARK [2][-]{subsection.3.2.1}{\376\377\000D\000e\000t\000a\000i\000l\000e\000d\000\040\000D\000e\000s\000c\000r\000i\000p\000t\000i\000o\000n}{section.3.2}% 14
\BOOKMARK [2][-]{subsection.3.2.2}{\376\377\000M\000e\000m\000b\000e\000r\000\040\000F\000u\000n\000c\000t\000i\000o\000n\000\040\000D\000o\000c\000u\000m\000e\000n\000t\000a\000t\000i\000o\000n}{section.3.2}% 15
\BOOKMARK [3][-]{subsubsection.3.2.2.1}{\376\377\000d\000e\000p\000l\000o\000y}{subsection.3.2.2}% 16
\BOOKMARK [3][-]{subsubsection.3.2.2.2}{\376\377\000d\000e\000s\000t\000r\000o\000y}{subsection.3.2.2}% 17
\BOOKMARK [3][-]{subsubsection.3.2.2.3}{\376\377\000e\000x\000e\000c\000u\000t\000e\000\137\000i\000n\000\137\000g\000u\000e\000s\000t}{subsection.3.2.2}% 18
\BOOKMARK [3][-]{subsubsection.3.2.2.4}{\376\377\000g\000e\000t\000\137\000i\000d}{subsection.3.2.2}% 19
\BOOKMARK [3][-]{subsubsection.3.2.2.5}{\376\377\000g\000u\000e\000s\000t\000\137\000s\000t\000a\000t\000u\000s}{subsection.3.2.2}% 20
\BOOKMARK [3][-]{subsubsection.3.2.2.6}{\376\377\000p\000a\000u\000s\000e}{subsection.3.2.2}% 21
\BOOKMARK [1][-]{section.3.3}{\376\377\000h\000y\000p\000e\000r\000v\000i\000s\000o\000r\000.\000h\000y\000p\000e\000r\000v\000i\000s\000o\000r\000\137\000f\000a\000c\000t\000o\000r\000y\000.\000H\000y\000p\000e\000r\000v\000i\000s\000o\000r\000F\000a\000c\000t\000o\000r\000y\000\040\000C\000l\000a\000s\000s\000\040\000R\000e\000f\000e\000r\000e\000n\000c\000e}{chapter.3}% 22
\BOOKMARK [2][-]{subsection.3.3.1}{\376\377\000D\000e\000t\000a\000i\000l\000e\000d\000\040\000D\000e\000s\000c\000r\000i\000p\000t\000i\000o\000n}{section.3.3}% 23
\BOOKMARK [2][-]{subsection.3.3.2}{\376\377\000C\000o\000n\000s\000t\000r\000u\000c\000t\000o\000r\000\040\000\046\000\040\000D\000e\000s\000t\000r\000u\000c\000t\000o\000r\000\040\000D\000o\000c\000u\000m\000e\000n\000t\000a\000t\000i\000o\000n}{section.3.3}% 24
\BOOKMARK [3][-]{subsubsection.3.3.2.1}{\376\377\000\137\000\137\000i\000n\000i\000t\000\137\000\137}{subsection.3.3.2}% 25
\BOOKMARK [2][-]{subsection.3.3.3}{\376\377\000M\000e\000m\000b\000e\000r\000\040\000F\000u\000n\000c\000t\000i\000o\000n\000\040\000D\000o\000c\000u\000m\000e\000n\000t\000a\000t\000i\000o\000n}{section.3.3}% 26
\BOOKMARK [3][-]{subsubsection.3.3.3.1}{\376\377\000g\000e\000t\000\137\000h\000y\000p\000e\000r\000v\000i\000s\000o\000r\000\137\000i\000n\000s\000t\000a\000n\000c\000e}{subsection.3.3.3}% 27
\BOOKMARK [1][-]{section.3.4}{\376\377\000h\000y\000p\000e\000r\000v\000i\000s\000o\000r\000.\000l\000i\000b\000v\000i\000r\000t\000\137\000d\000r\000i\000v\000e\000r\000.\000L\000i\000b\000v\000i\000r\000t\000\040\000C\000l\000a\000s\000s\000\040\000R\000e\000f\000e\000r\000e\000n\000c\000e}{chapter.3}% 28
\BOOKMARK [1][-]{section.3.5}{\376\377\000n\000f\000i\000o\000.\000N\000f\000i\000o\000\040\000C\000l\000a\000s\000s\000\040\000R\000e\000f\000e\000r\000e\000n\000c\000e}{chapter.3}% 29
\BOOKMARK [2][-]{subsection.3.5.1}{\376\377\000C\000o\000n\000s\000t\000r\000u\000c\000t\000o\000r\000\040\000\046\000\040\000D\000e\000s\000t\000r\000u\000c\000t\000o\000r\000\040\000D\000o\000c\000u\000m\000e\000n\000t\000a\000t\000i\000o\000n}{section.3.5}% 30
\BOOKMARK [3][-]{subsubsection.3.5.1.1}{\376\377\000\137\000\137\000i\000n\000i\000t\000\137\000\137}{subsection.3.5.1}% 31
\BOOKMARK [2][-]{subsection.3.5.2}{\376\377\000M\000e\000m\000b\000e\000r\000\040\000F\000u\000n\000c\000t\000i\000o\000n\000\040\000D\000o\000c\000u\000m\000e\000n\000t\000a\000t\000i\000o\000n}{section.3.5}% 32
\BOOKMARK [3][-]{subsubsection.3.5.2.1}{\376\377\000g\000e\000t\000a\000t\000t\000r}{subsection.3.5.2}% 33
\BOOKMARK [3][-]{subsubsection.3.5.2.2}{\376\377\000m\000k\000d\000i\000r}{subsection.3.5.2}% 34
\BOOKMARK [3][-]{subsubsection.3.5.2.3}{\376\377\000r\000e\000a\000d}{subsection.3.5.2}% 35
\BOOKMARK [3][-]{subsubsection.3.5.2.4}{\376\377\000w\000r\000i\000t\000e}{subsection.3.5.2}% 36
\BOOKMARK [1][-]{section.3.6}{\376\377\000v\000n\000f\000s\000\137\000o\000p\000e\000r\000a\000t\000i\000o\000n\000s\000.\000V\000N\000F\000S\000O\000p\000e\000r\000a\000t\000i\000o\000n\000s\000\040\000C\000l\000a\000s\000s\000\040\000R\000e\000f\000e\000r\000e\000n\000c\000e}{chapter.3}% 37
\BOOKMARK [2][-]{subsection.3.6.1}{\376\377\000D\000e\000t\000a\000i\000l\000e\000d\000\040\000D\000e\000s\000c\000r\000i\000p\000t\000i\000o\000n}{section.3.6}% 38
\BOOKMARK [2][-]{subsection.3.6.2}{\376\377\000M\000e\000m\000b\000e\000r\000\040\000F\000u\000n\000c\000t\000i\000o\000n\000\040\000D\000o\000c\000u\000m\000e\000n\000t\000a\000t\000i\000o\000n}{section.3.6}% 39
\BOOKMARK [3][-]{subsubsection.3.6.2.1}{\376\377\000v\000n\000f\000s\000\137\000c\000r\000e\000a\000t\000e\000\137\000v\000n\000f\000\137\000i\000n\000s\000t\000a\000n\000c\000e}{subsection.3.6.2}% 40
\BOOKMARK [3][-]{subsubsection.3.6.2.2}{\376\377\000v\000n\000f\000s\000\137\000d\000e\000p\000l\000o\000y\000\137\000n\000f}{subsection.3.6.2}% 41
\BOOKMARK [3][-]{subsubsection.3.6.2.3}{\376\377\000v\000n\000f\000s\000\137\000g\000e\000t\000\137\000f\000i\000l\000e\000\137\000n\000a\000m\000e}{subsection.3.6.2}% 42
\BOOKMARK [3][-]{subsubsection.3.6.2.4}{\376\377\000v\000n\000f\000s\000\137\000g\000e\000t\000\137\000i\000n\000s\000t\000a\000n\000c\000e\000\137\000c\000o\000n\000f\000i\000g\000u\000r\000a\000t\000i\000o\000n}{subsection.3.6.2}% 43
\BOOKMARK [3][-]{subsubsection.3.6.2.5}{\376\377\000v\000n\000f\000s\000\137\000g\000e\000t\000\137\000n\000f\000\137\000t\000y\000p\000e}{subsection.3.6.2}% 44
\BOOKMARK [3][-]{subsubsection.3.6.2.6}{\376\377\000v\000n\000f\000s\000\137\000g\000e\000t\000\137\000o\000p\000c\000o\000d\000e}{subsection.3.6.2}% 45
\BOOKMARK [3][-]{subsubsection.3.6.2.7}{\376\377\000v\000n\000f\000s\000\137\000g\000e\000t\000\137\000p\000k\000t\000\137\000d\000r\000o\000p\000s}{subsection.3.6.2}% 46
\BOOKMARK [3][-]{subsubsection.3.6.2.8}{\376\377\000v\000n\000f\000s\000\137\000g\000e\000t\000\137\000r\000x\000\137\000b\000y\000t\000e\000s}{subsection.3.6.2}% 47
\BOOKMARK [3][-]{subsubsection.3.6.2.9}{\376\377\000v\000n\000f\000s\000\137\000g\000e\000t\000\137\000s\000t\000a\000t\000u\000s}{subsection.3.6.2}% 48
\BOOKMARK [3][-]{subsubsection.3.6.2.10}{\376\377\000v\000n\000f\000s\000\137\000g\000e\000t\000\137\000t\000x\000\137\000b\000y\000t\000e\000s}{subsection.3.6.2}% 49
\BOOKMARK [3][-]{subsubsection.3.6.2.11}{\376\377\000v\000n\000f\000s\000\137\000i\000s\000\137\000n\000f\000\137\000i\000n\000s\000t\000a\000n\000c\000e}{subsection.3.6.2}% 50
\BOOKMARK [3][-]{subsubsection.3.6.2.12}{\376\377\000v\000n\000f\000s\000\137\000s\000t\000o\000p\000\137\000v\000n\000f}{subsection.3.6.2}% 51
\BOOKMARK [0][-]{section*.12}{\376\377\000I\000n\000d\000e\000x}{}% 52
